<?xml version="1.0" encoding="UTF-8"?>
<!-- Generated by org.testng.reporters.JUnitReportReporter -->
<testsuite hostname="Navdeeps-MBP.Dlink" failures="0" tests="1" name="AssignmentCaw.AutomationProject.UIAssertionTest" time="1.989" errors="0" timestamp="2024-02-29T00:48:36 IST" skipped="0">
  <testcase classname="AssignmentCaw.AutomationProject.UIAssertionTest" name="insertData" time="1.989"/>
</testsuite> <!-- AssignmentCaw.AutomationProject.UIAssertionTest -->
