<?xml version="1.0" encoding="UTF-8"?>
<!-- Generated by org.testng.reporters.JUnitReportReporter -->
<testsuite hostname="Navdeeps-MBP.Dlink" failures="0" tests="1" name="AssignmentCaw.AutomationProject.BaseClass" time="2.035" errors="0" timestamp="2024-02-29T01:12:03 IST" skipped="0">
  <testcase classname="AssignmentCaw.AutomationProject.BaseClass" name="insertData" time="2.035"/>
</testsuite> <!-- AssignmentCaw.AutomationProject.BaseClass -->
